This file contains any messages produced by compilers while
running configure, to aid debugging if configure makes a mistake.

It was created by PythonMagick configure 0.9.12, which was
generated by GNU Autoconf 2.69.  Invocation command line was

  $ ./configure 

## --------- ##
## Platform. ##
## --------- ##

hostname = localhost
uname -m = x86_64
uname -r = 3.13.0-32-generic
uname -s = Linux
uname -v = #57-Ubuntu SMP Tue Jul 15 03:51:08 UTC 2014

/usr/bin/uname -p = unknown
/bin/uname -X     = unknown

/bin/arch              = unknown
/usr/bin/arch -k       = unknown
/usr/convex/getsysinfo = unknown
/usr/bin/hostinfo      = unknown
/bin/machine           = unknown
/usr/bin/oslevel       = unknown
/bin/universe          = unknown

PATH: /alidata/server/php/sbin
PATH: /alidata/server/php/bin
PATH: /usr/local/sbin
PATH: /usr/local/bin
PATH: /usr/sbin
PATH: /usr/bin
PATH: /sbin
PATH: /bin
PATH: /usr/games
PATH: /usr/local/games
PATH: /alidata/server/mysql/bin
PATH: /alidata/server/nginx/sbin
PATH: /alidata/server/php/sbin
PATH: /alidata/server/php/bin


## ----------- ##
## Core tests. ##
## ----------- ##

configure:2419: checking whether build environment is sane
configure:2474: result: yes
configure:2503: checking for a BSD-compatible install
configure:2571: result: /usr/bin/install -c
configure:2721: checking for a thread-safe mkdir -p
configure:2760: result: /bin/mkdir -p
configure:2767: checking for gawk
configure:2797: result: no
configure:2767: checking for mawk
configure:2783: found /usr/bin/mawk
configure:2794: result: mawk
configure:2805: checking whether make sets $(MAKE)
configure:2827: result: yes
configure:2856: checking whether make supports nested variables
configure:2873: result: yes
configure:3012: checking whether make supports nested variables
configure:3029: result: yes
configure:3100: checking for g++
configure:3116: found /usr/bin/g++
configure:3127: result: g++
configure:3154: checking for C++ compiler version
configure:3163: g++ --version >&5
g++ (Ubuntu 4.8.4-2ubuntu1~14.04) 4.8.4
Copyright (C) 2013 Free Software Foundation, Inc.
This is free software; see the source for copying conditions.  There is NO
warranty; not even for MERCHANTABILITY or FITNESS FOR A PARTICULAR PURPOSE.

configure:3174: $? = 0
configure:3163: g++ -v >&5
Using built-in specs.
COLLECT_GCC=g++
COLLECT_LTO_WRAPPER=/usr/lib/gcc/x86_64-linux-gnu/4.8/lto-wrapper
Target: x86_64-linux-gnu
Configured with: ../src/configure -v --with-pkgversion='Ubuntu 4.8.4-2ubuntu1~14.04' --with-bugurl=file:///usr/share/doc/gcc-4.8/README.Bugs --enable-languages=c,c++,java,go,d,fortran,objc,obj-c++ --prefix=/usr --program-suffix=-4.8 --enable-shared --enable-linker-build-id --libexecdir=/usr/lib --without-included-gettext --enable-threads=posix --with-gxx-include-dir=/usr/include/c++/4.8 --libdir=/usr/lib --enable-nls --with-sysroot=/ --enable-clocale=gnu --enable-libstdcxx-debug --enable-libstdcxx-time=yes --enable-gnu-unique-object --disable-libmudflap --enable-plugin --with-system-zlib --disable-browser-plugin --enable-java-awt=gtk --enable-gtk-cairo --with-java-home=/usr/lib/jvm/java-1.5.0-gcj-4.8-amd64/jre --enable-java-home --with-jvm-root-dir=/usr/lib/jvm/java-1.5.0-gcj-4.8-amd64 --with-jvm-jar-dir=/usr/lib/jvm-exports/java-1.5.0-gcj-4.8-amd64 --with-arch-directory=amd64 --with-ecj-jar=/usr/share/java/eclipse-ecj.jar --enable-objc-gc --enable-multiarch --disable-werror --with-arch-32=i686 --with-abi=m64 --with-multilib-list=m32,m64,mx32 --with-tune=generic --enable-checking=release --build=x86_64-linux-gnu --host=x86_64-linux-gnu --target=x86_64-linux-gnu
Thread model: posix
gcc version 4.8.4 (Ubuntu 4.8.4-2ubuntu1~14.04) 
configure:3174: $? = 0
configure:3163: g++ -V >&5
g++: error: unrecognized command line option '-V'
g++: fatal error: no input files
compilation terminated.
configure:3174: $? = 4
configure:3163: g++ -qversion >&5
g++: error: unrecognized command line option '-qversion'
g++: fatal error: no input files
compilation terminated.
configure:3174: $? = 4
configure:3194: checking whether the C++ compiler works
configure:3216: g++    conftest.cpp  >&5
configure:3220: $? = 0
configure:3268: result: yes
configure:3271: checking for C++ compiler default output file name
configure:3273: result: a.out
configure:3279: checking for suffix of executables
configure:3286: g++ -o conftest    conftest.cpp  >&5
configure:3290: $? = 0
configure:3312: result: 
configure:3334: checking whether we are cross compiling
configure:3342: g++ -o conftest    conftest.cpp  >&5
configure:3346: $? = 0
configure:3353: ./conftest
configure:3357: $? = 0
configure:3372: result: no
configure:3377: checking for suffix of object files
configure:3399: g++ -c   conftest.cpp >&5
configure:3403: $? = 0
configure:3424: result: o
configure:3428: checking whether we are using the GNU C++ compiler
configure:3447: g++ -c   conftest.cpp >&5
configure:3447: $? = 0
configure:3456: result: yes
configure:3465: checking whether g++ accepts -g
configure:3485: g++ -c -g  conftest.cpp >&5
configure:3485: $? = 0
configure:3526: result: yes
configure:3560: checking for style of include used by make
configure:3588: result: GNU
configure:3614: checking dependency style of g++
configure:3725: result: gcc3
configure:3788: checking for gcc
configure:3804: found /usr/bin/gcc
configure:3815: result: gcc
configure:4044: checking for C compiler version
configure:4053: gcc --version >&5
gcc (Ubuntu 4.8.4-2ubuntu1~14.04) 4.8.4
Copyright (C) 2013 Free Software Foundation, Inc.
This is free software; see the source for copying conditions.  There is NO
warranty; not even for MERCHANTABILITY or FITNESS FOR A PARTICULAR PURPOSE.

configure:4064: $? = 0
configure:4053: gcc -v >&5
Using built-in specs.
COLLECT_GCC=gcc
COLLECT_LTO_WRAPPER=/usr/lib/gcc/x86_64-linux-gnu/4.8/lto-wrapper
Target: x86_64-linux-gnu
Configured with: ../src/configure -v --with-pkgversion='Ubuntu 4.8.4-2ubuntu1~14.04' --with-bugurl=file:///usr/share/doc/gcc-4.8/README.Bugs --enable-languages=c,c++,java,go,d,fortran,objc,obj-c++ --prefix=/usr --program-suffix=-4.8 --enable-shared --enable-linker-build-id --libexecdir=/usr/lib --without-included-gettext --enable-threads=posix --with-gxx-include-dir=/usr/include/c++/4.8 --libdir=/usr/lib --enable-nls --with-sysroot=/ --enable-clocale=gnu --enable-libstdcxx-debug --enable-libstdcxx-time=yes --enable-gnu-unique-object --disable-libmudflap --enable-plugin --with-system-zlib --disable-browser-plugin --enable-java-awt=gtk --enable-gtk-cairo --with-java-home=/usr/lib/jvm/java-1.5.0-gcj-4.8-amd64/jre --enable-java-home --with-jvm-root-dir=/usr/lib/jvm/java-1.5.0-gcj-4.8-amd64 --with-jvm-jar-dir=/usr/lib/jvm-exports/java-1.5.0-gcj-4.8-amd64 --with-arch-directory=amd64 --with-ecj-jar=/usr/share/java/eclipse-ecj.jar --enable-objc-gc --enable-multiarch --disable-werror --with-arch-32=i686 --with-abi=m64 --with-multilib-list=m32,m64,mx32 --with-tune=generic --enable-checking=release --build=x86_64-linux-gnu --host=x86_64-linux-gnu --target=x86_64-linux-gnu
Thread model: posix
gcc version 4.8.4 (Ubuntu 4.8.4-2ubuntu1~14.04) 
configure:4064: $? = 0
configure:4053: gcc -V >&5
gcc: error: unrecognized command line option '-V'
gcc: fatal error: no input files
compilation terminated.
configure:4064: $? = 4
configure:4053: gcc -qversion >&5
gcc: error: unrecognized command line option '-qversion'
gcc: fatal error: no input files
compilation terminated.
configure:4064: $? = 4
configure:4068: checking whether we are using the GNU C compiler
configure:4087: gcc -c   conftest.c >&5
configure:4087: $? = 0
configure:4096: result: yes
configure:4105: checking whether gcc accepts -g
configure:4125: gcc -c -g  conftest.c >&5
configure:4125: $? = 0
configure:4166: result: yes
configure:4183: checking for gcc option to accept ISO C89
configure:4246: gcc  -c -g -O2  conftest.c >&5
configure:4246: $? = 0
configure:4259: result: none needed
configure:4284: checking whether gcc understands -c and -o together
configure:4306: gcc -c conftest.c -o conftest2.o
configure:4309: $? = 0
configure:4306: gcc -c conftest.c -o conftest2.o
configure:4309: $? = 0
configure:4321: result: yes
configure:4340: checking dependency style of gcc
configure:4451: result: gcc3
configure:4467: checking whether ln -s works
configure:4471: result: yes
configure:4478: checking whether make sets $(MAKE)
configure:4500: result: yes
configure:4538: checking build system type
configure:4552: result: x86_64-unknown-linux-gnu
configure:4572: checking host system type
configure:4585: result: x86_64-unknown-linux-gnu
configure:4626: checking how to print strings
configure:4653: result: printf
configure:4674: checking for a sed that does not truncate output
configure:4738: result: /bin/sed
configure:4756: checking for grep that handles long lines and -e
configure:4814: result: /bin/grep
configure:4819: checking for egrep
configure:4881: result: /bin/grep -E
configure:4886: checking for fgrep
configure:4948: result: /bin/grep -F
configure:4983: checking for ld used by gcc
configure:5050: result: /usr/bin/ld
configure:5057: checking if the linker (/usr/bin/ld) is GNU ld
configure:5072: result: yes
configure:5084: checking for BSD- or MS-compatible name lister (nm)
configure:5138: result: /usr/bin/nm -B
configure:5268: checking the name lister (/usr/bin/nm -B) interface
configure:5275: gcc -c -g -O2  conftest.c >&5
configure:5278: /usr/bin/nm -B "conftest.o"
configure:5281: output
0000000000000000 B some_variable
configure:5288: result: BSD nm
configure:5292: checking the maximum length of command line arguments
configure:5423: result: 1572864
configure:5471: checking how to convert x86_64-unknown-linux-gnu file names to x86_64-unknown-linux-gnu format
configure:5511: result: func_convert_file_noop
configure:5518: checking how to convert x86_64-unknown-linux-gnu file names to toolchain format
configure:5538: result: func_convert_file_noop
configure:5545: checking for /usr/bin/ld option to reload object files
configure:5552: result: -r
configure:5626: checking for objdump
configure:5642: found /usr/bin/objdump
configure:5653: result: objdump
configure:5685: checking how to recognize dependent libraries
configure:5885: result: pass_all
configure:5970: checking for dlltool
configure:6000: result: no
configure:6030: checking how to associate runtime and link libraries
configure:6057: result: printf %s\n
configure:6118: checking for ar
configure:6134: found /usr/bin/ar
configure:6145: result: ar
configure:6182: checking for archiver @FILE support
configure:6199: gcc -c -g -O2  conftest.c >&5
configure:6199: $? = 0
configure:6202: ar cru libconftest.a @conftest.lst >&5
configure:6205: $? = 0
configure:6210: ar cru libconftest.a @conftest.lst >&5
ar: conftest.o: No such file or directory
configure:6213: $? = 1
configure:6225: result: @
configure:6283: checking for strip
configure:6299: found /usr/bin/strip
configure:6310: result: strip
configure:6382: checking for ranlib
configure:6398: found /usr/bin/ranlib
configure:6409: result: ranlib
configure:6511: checking command to parse /usr/bin/nm -B output from gcc object
configure:6664: gcc -c -g -O2  conftest.c >&5
configure:6667: $? = 0
configure:6671: /usr/bin/nm -B conftest.o \| sed -n -e 's/^.*[ ]\([ABCDGIRSTW][ABCDGIRSTW]*\)[ ][ ]*\([_A-Za-z][_A-Za-z0-9]*\)$/\1 \2 \2/p' | sed '/ __gnu_lto/d' \> conftest.nm
configure:6674: $? = 0
configure:6740: gcc -o conftest -g -O2   conftest.c conftstm.o >&5
configure:6743: $? = 0
configure:6781: result: ok
configure:6828: checking for sysroot
configure:6858: result: no
configure:6865: checking for a working dd
configure:6903: result: /bin/dd
configure:6907: checking how to truncate binary pipes
configure:6922: result: /bin/dd bs=4096 count=1
configure:7058: gcc -c -g -O2  conftest.c >&5
configure:7061: $? = 0
configure:7251: checking for mt
configure:7267: found /bin/mt
configure:7278: result: mt
configure:7301: checking if mt is a manifest tool
configure:7307: mt '-?'
configure:7315: result: no
configure:7992: checking how to run the C preprocessor
configure:8023: gcc -E  conftest.c
configure:8023: $? = 0
configure:8037: gcc -E  conftest.c
conftest.c:11:28: fatal error: ac_nonexistent.h: No such file or directory
 #include <ac_nonexistent.h>
                            ^
compilation terminated.
configure:8037: $? = 1
configure: failed program was:
| /* confdefs.h */
| #define PACKAGE_NAME "PythonMagick"
| #define PACKAGE_TARNAME "PythonMagick"
| #define PACKAGE_VERSION "0.9.12"
| #define PACKAGE_STRING "PythonMagick 0.9.12"
| #define PACKAGE_BUGREPORT ""
| #define PACKAGE_URL ""
| #define PACKAGE "PythonMagick"
| #define VERSION "0.9.12"
| /* end confdefs.h.  */
| #include <ac_nonexistent.h>
configure:8062: result: gcc -E
configure:8082: gcc -E  conftest.c
configure:8082: $? = 0
configure:8096: gcc -E  conftest.c
conftest.c:11:28: fatal error: ac_nonexistent.h: No such file or directory
 #include <ac_nonexistent.h>
                            ^
compilation terminated.
configure:8096: $? = 1
configure: failed program was:
| /* confdefs.h */
| #define PACKAGE_NAME "PythonMagick"
| #define PACKAGE_TARNAME "PythonMagick"
| #define PACKAGE_VERSION "0.9.12"
| #define PACKAGE_STRING "PythonMagick 0.9.12"
| #define PACKAGE_BUGREPORT ""
| #define PACKAGE_URL ""
| #define PACKAGE "PythonMagick"
| #define VERSION "0.9.12"
| /* end confdefs.h.  */
| #include <ac_nonexistent.h>
configure:8125: checking for ANSI C header files
configure:8145: gcc -c -g -O2  conftest.c >&5
configure:8145: $? = 0
configure:8218: gcc -o conftest -g -O2   conftest.c  >&5
configure:8218: $? = 0
configure:8218: ./conftest
configure:8218: $? = 0
configure:8229: result: yes
configure:8242: checking for sys/types.h
configure:8242: gcc -c -g -O2  conftest.c >&5
configure:8242: $? = 0
configure:8242: result: yes
configure:8242: checking for sys/stat.h
configure:8242: gcc -c -g -O2  conftest.c >&5
configure:8242: $? = 0
configure:8242: result: yes
configure:8242: checking for stdlib.h
configure:8242: gcc -c -g -O2  conftest.c >&5
configure:8242: $? = 0
configure:8242: result: yes
configure:8242: checking for string.h
configure:8242: gcc -c -g -O2  conftest.c >&5
configure:8242: $? = 0
configure:8242: result: yes
configure:8242: checking for memory.h
configure:8242: gcc -c -g -O2  conftest.c >&5
configure:8242: $? = 0
configure:8242: result: yes
configure:8242: checking for strings.h
configure:8242: gcc -c -g -O2  conftest.c >&5
configure:8242: $? = 0
configure:8242: result: yes
configure:8242: checking for inttypes.h
configure:8242: gcc -c -g -O2  conftest.c >&5
configure:8242: $? = 0
configure:8242: result: yes
configure:8242: checking for stdint.h
configure:8242: gcc -c -g -O2  conftest.c >&5
configure:8242: $? = 0
configure:8242: result: yes
configure:8242: checking for unistd.h
configure:8242: gcc -c -g -O2  conftest.c >&5
configure:8242: $? = 0
configure:8242: result: yes
configure:8256: checking for dlfcn.h
configure:8256: gcc -c -g -O2  conftest.c >&5
configure:8256: $? = 0
configure:8256: result: yes
configure:8523: checking for objdir
configure:8538: result: .libs
configure:8802: checking if gcc supports -fno-rtti -fno-exceptions
configure:8820: gcc -c -g -O2  -fno-rtti -fno-exceptions conftest.c >&5
cc1: warning: command line option '-fno-rtti' is valid for C++/ObjC++ but not for C [enabled by default]
configure:8824: $? = 0
configure:8837: result: no
configure:9195: checking for gcc option to produce PIC
configure:9202: result: -fPIC -DPIC
configure:9210: checking if gcc PIC flag -fPIC -DPIC works
configure:9228: gcc -c -g -O2  -fPIC -DPIC -DPIC conftest.c >&5
configure:9232: $? = 0
configure:9245: result: yes
configure:9274: checking if gcc static flag -static works
configure:9302: result: yes
configure:9317: checking if gcc supports -c -o file.o
configure:9338: gcc -c -g -O2  -o out/conftest2.o conftest.c >&5
configure:9342: $? = 0
configure:9364: result: yes
configure:9372: checking if gcc supports -c -o file.o
configure:9419: result: yes
configure:9452: checking whether the gcc linker (/usr/bin/ld -m elf_x86_64) supports shared libraries
configure:10711: result: yes
configure:10748: checking whether -lc should be explicitly linked in
configure:10756: gcc -c -g -O2  conftest.c >&5
configure:10759: $? = 0
configure:10774: gcc -shared  -fPIC -DPIC conftest.o  -v -Wl,-soname -Wl,conftest -o conftest 2\>\&1 \| /bin/grep  -lc  \>/dev/null 2\>\&1
configure:10777: $? = 0
configure:10791: result: no
configure:10951: checking dynamic linker characteristics
configure:11532: gcc -o conftest -g -O2   -Wl,-rpath -Wl,/foo conftest.c  >&5
configure:11532: $? = 0
configure:11772: result: GNU/Linux ld.so
configure:11894: checking how to hardcode library paths into programs
configure:11919: result: immediate
configure:12467: checking whether stripping libraries is possible
configure:12472: result: yes
configure:12507: checking if libtool supports shared libraries
configure:12509: result: yes
configure:12512: checking whether to build shared libraries
configure:12537: result: yes
configure:12540: checking whether to build static libraries
configure:12544: result: yes
configure:12567: checking how to run the C++ preprocessor
configure:12594: g++ -E  conftest.cpp
configure:12594: $? = 0
configure:12608: g++ -E  conftest.cpp
conftest.cpp:23:28: fatal error: ac_nonexistent.h: No such file or directory
 #include <ac_nonexistent.h>
                            ^
compilation terminated.
configure:12608: $? = 1
configure: failed program was:
| /* confdefs.h */
| #define PACKAGE_NAME "PythonMagick"
| #define PACKAGE_TARNAME "PythonMagick"
| #define PACKAGE_VERSION "0.9.12"
| #define PACKAGE_STRING "PythonMagick 0.9.12"
| #define PACKAGE_BUGREPORT ""
| #define PACKAGE_URL ""
| #define PACKAGE "PythonMagick"
| #define VERSION "0.9.12"
| #define STDC_HEADERS 1
| #define HAVE_SYS_TYPES_H 1
| #define HAVE_SYS_STAT_H 1
| #define HAVE_STDLIB_H 1
| #define HAVE_STRING_H 1
| #define HAVE_MEMORY_H 1
| #define HAVE_STRINGS_H 1
| #define HAVE_INTTYPES_H 1
| #define HAVE_STDINT_H 1
| #define HAVE_UNISTD_H 1
| #define HAVE_DLFCN_H 1
| #define LT_OBJDIR ".libs/"
| /* end confdefs.h.  */
| #include <ac_nonexistent.h>
configure:12633: result: g++ -E
configure:12653: g++ -E  conftest.cpp
configure:12653: $? = 0
configure:12667: g++ -E  conftest.cpp
conftest.cpp:23:28: fatal error: ac_nonexistent.h: No such file or directory
 #include <ac_nonexistent.h>
                            ^
compilation terminated.
configure:12667: $? = 1
configure: failed program was:
| /* confdefs.h */
| #define PACKAGE_NAME "PythonMagick"
| #define PACKAGE_TARNAME "PythonMagick"
| #define PACKAGE_VERSION "0.9.12"
| #define PACKAGE_STRING "PythonMagick 0.9.12"
| #define PACKAGE_BUGREPORT ""
| #define PACKAGE_URL ""
| #define PACKAGE "PythonMagick"
| #define VERSION "0.9.12"
| #define STDC_HEADERS 1
| #define HAVE_SYS_TYPES_H 1
| #define HAVE_SYS_STAT_H 1
| #define HAVE_STDLIB_H 1
| #define HAVE_STRING_H 1
| #define HAVE_MEMORY_H 1
| #define HAVE_STRINGS_H 1
| #define HAVE_INTTYPES_H 1
| #define HAVE_STDINT_H 1
| #define HAVE_UNISTD_H 1
| #define HAVE_DLFCN_H 1
| #define LT_OBJDIR ".libs/"
| /* end confdefs.h.  */
| #include <ac_nonexistent.h>
configure:12829: checking for ld used by g++
configure:12896: result: /usr/bin/ld -m elf_x86_64
configure:12903: checking if the linker (/usr/bin/ld -m elf_x86_64) is GNU ld
configure:12918: result: yes
configure:12973: checking whether the g++ linker (/usr/bin/ld -m elf_x86_64) supports shared libraries
configure:14046: result: yes
configure:14082: g++ -c -g -O2  conftest.cpp >&5
configure:14085: $? = 0
configure:14566: checking for g++ option to produce PIC
configure:14573: result: -fPIC -DPIC
configure:14581: checking if g++ PIC flag -fPIC -DPIC works
configure:14599: g++ -c -g -O2  -fPIC -DPIC -DPIC conftest.cpp >&5
configure:14603: $? = 0
configure:14616: result: yes
configure:14639: checking if g++ static flag -static works
configure:14667: result: yes
configure:14679: checking if g++ supports -c -o file.o
configure:14700: g++ -c -g -O2  -o out/conftest2.o conftest.cpp >&5
configure:14704: $? = 0
configure:14726: result: yes
configure:14731: checking if g++ supports -c -o file.o
configure:14778: result: yes
configure:14808: checking whether the g++ linker (/usr/bin/ld -m elf_x86_64) supports shared libraries
configure:14848: result: yes
configure:14989: checking dynamic linker characteristics
configure:15737: result: GNU/Linux ld.so
configure:15802: checking how to hardcode library paths into programs
configure:15827: result: immediate
configure:15923: checking for a Python interpreter with version >= 2.4
configure:15940: python -c import sys # split strings by '.' and convert to numeric. Append some zeros # because we need at least 4 digits for the hex conversion. # map returns an iterator in Python 3.0 and a list in 2.x minver = list(map(int, '2.4'.split('.'))) + [0, 0, 0] minverhex = 0 # xrange is not present in Python 3.0 and range returns an iterator for i in list(range(0, 4)): minverhex = (minverhex << 8) + minver[i] sys.exit(sys.hexversion < minverhex)
configure:15943: $? = 0
configure:15949: result: python
configure:15957: checking for python
configure:15975: found /usr/bin/python
configure:15987: result: /usr/bin/python
configure:16005: checking for python version
configure:16012: result: 2.7
configure:16024: checking for python platform
configure:16031: result: linux2
configure:16057: checking for python script directory
configure:16092: result: ${prefix}/lib/python2.7/dist-packages
configure:16101: checking for python extension module directory
configure:16136: result: ${exec_prefix}/lib/python2.7/dist-packages
configure:16203: checking for pkg-config
configure:16221: found /usr/bin/pkg-config
configure:16233: result: /usr/bin/pkg-config
configure:16258: checking pkg-config is at least version 0.9.0
configure:16261: result: yes
configure:16274: checking whether to enable maintainer-specific portions of Makefiles
configure:16283: result: no
configure:16346: checking for boostlib >= 1.20.0
configure:16420: g++ -c -g -O2   conftest.cpp >&5
conftest.cpp:24:33: fatal error: boost/version.hpp: No such file or directory
     #include <boost/version.hpp>
                                 ^
compilation terminated.
configure:16420: $? = 1
configure: failed program was:
| /* confdefs.h */
| #define PACKAGE_NAME "PythonMagick"
| #define PACKAGE_TARNAME "PythonMagick"
| #define PACKAGE_VERSION "0.9.12"
| #define PACKAGE_STRING "PythonMagick 0.9.12"
| #define PACKAGE_BUGREPORT ""
| #define PACKAGE_URL ""
| #define PACKAGE "PythonMagick"
| #define VERSION "0.9.12"
| #define STDC_HEADERS 1
| #define HAVE_SYS_TYPES_H 1
| #define HAVE_SYS_STAT_H 1
| #define HAVE_STDLIB_H 1
| #define HAVE_STRING_H 1
| #define HAVE_MEMORY_H 1
| #define HAVE_STRINGS_H 1
| #define HAVE_INTTYPES_H 1
| #define HAVE_STDINT_H 1
| #define HAVE_UNISTD_H 1
| #define HAVE_DLFCN_H 1
| #define LT_OBJDIR ".libs/"
| /* end confdefs.h.  */
| 
|     #include <boost/version.hpp>
| 
| int
| main ()
| {
| 
|     #if BOOST_VERSION >= 102000
|     // Everything is okay
|     #else
|     #  error Boost version is too old
|     #endif
| 
|   ;
|   return 0;
| }
configure:16526: g++ -c -g -O2   -I/include/boost-0 conftest.cpp >&5
conftest.cpp:24:37: fatal error: boost/version.hpp: No such file or directory
         #include <boost/version.hpp>
                                     ^
compilation terminated.
configure:16526: $? = 1
configure: failed program was:
| /* confdefs.h */
| #define PACKAGE_NAME "PythonMagick"
| #define PACKAGE_TARNAME "PythonMagick"
| #define PACKAGE_VERSION "0.9.12"
| #define PACKAGE_STRING "PythonMagick 0.9.12"
| #define PACKAGE_BUGREPORT ""
| #define PACKAGE_URL ""
| #define PACKAGE "PythonMagick"
| #define VERSION "0.9.12"
| #define STDC_HEADERS 1
| #define HAVE_SYS_TYPES_H 1
| #define HAVE_SYS_STAT_H 1
| #define HAVE_STDLIB_H 1
| #define HAVE_STRING_H 1
| #define HAVE_MEMORY_H 1
| #define HAVE_STRINGS_H 1
| #define HAVE_INTTYPES_H 1
| #define HAVE_STDINT_H 1
| #define HAVE_UNISTD_H 1
| #define HAVE_DLFCN_H 1
| #define LT_OBJDIR ".libs/"
| /* end confdefs.h.  */
| 
|         #include <boost/version.hpp>
| 
| int
| main ()
| {
| 
|         #if BOOST_VERSION >= 102000
|         // Everything is okay
|         #else
|         #  error Boost version is too old
|         #endif
| 
|   ;
|   return 0;
| }
configure:16545: We could not detect the boost libraries (version 1.20 or higher). If you have a staged boost library (still not installed) please specify $BOOST_ROOT in your environment and do not give a PATH to --with-boost option.  If you are sure you have boost installed, then check your version number looking in <boost/version.hpp>. See http://randspringer.de/boost for more documentation.
configure:16576: checking for python2.7
configure:16606: result: /usr/bin/python
configure:16622: checking for a version of Python >= '2.1.0'
configure:16648: result: yes
configure:16679: checking for the distutils Python package
configure:16683: result: yes
configure:16697: checking for Python include path
configure:16713: result: -I/usr/include/python2.7
configure:16720: checking for Python library path
configure:16797: result: -L/usr/lib -lpython2.7
configure:16804: checking for Python site-packages path
configure:16810: result: /usr/lib/python2.7/dist-packages
configure:16817: checking python extra libraries
configure:16824: result: -lpthread -ldl  -lutil
configure:16831: checking python extra linking flags
configure:16838: result: -Xlinker -export-dynamic -Wl,-O1 -Wl,-Bsymbolic-functions
configure:16845: checking consistency of all components of python development environment
configure:16871: gcc -o conftest -g -O2  -I/usr/include/python2.7  conftest.c  -L/usr/lib -lpython2.7 -Xlinker -export-dynamic -Wl,-O1 -Wl,-Bsymbolic-functions -lpthread -ldl  -lutil >&5
configure:16871: $? = 0
configure:16888: result: yes
configure:16913: checking whether the Boost::Python library is available
configure:16943: g++ -c -g -O2 -I/usr/include/python2.7  conftest.cpp >&5
conftest.cpp:25:36: fatal error: boost/python/module.hpp: No such file or directory
  #include <boost/python/module.hpp>
                                    ^
compilation terminated.
configure:16943: $? = 1
configure: failed program was:
| /* confdefs.h */
| #define PACKAGE_NAME "PythonMagick"
| #define PACKAGE_TARNAME "PythonMagick"
| #define PACKAGE_VERSION "0.9.12"
| #define PACKAGE_STRING "PythonMagick 0.9.12"
| #define PACKAGE_BUGREPORT ""
| #define PACKAGE_URL ""
| #define PACKAGE "PythonMagick"
| #define VERSION "0.9.12"
| #define STDC_HEADERS 1
| #define HAVE_SYS_TYPES_H 1
| #define HAVE_SYS_STAT_H 1
| #define HAVE_STDLIB_H 1
| #define HAVE_STRING_H 1
| #define HAVE_MEMORY_H 1
| #define HAVE_STRINGS_H 1
| #define HAVE_INTTYPES_H 1
| #define HAVE_STDINT_H 1
| #define HAVE_UNISTD_H 1
| #define HAVE_DLFCN_H 1
| #define LT_OBJDIR ".libs/"
| #define HAVE_PYTHON "2.7"
| /* end confdefs.h.  */
| 
|  #include <boost/python/module.hpp>
|  using namespace boost::python;
|  BOOST_PYTHON_MODULE(test) { throw "Boost::Python test."; }
| int
| main ()
| {
| return 0;
|   ;
|   return 0;
| }
configure:16958: result: no
configure:17025: checking for MAGICKCORE
configure:17032: $PKG_CONFIG --exists --print-errors "MagickCore >= 6.8.6"
configure:17035: $? = 0
configure:17049: $PKG_CONFIG --exists --print-errors "MagickCore >= 6.8.6"
configure:17052: $? = 0
configure:17110: result: yes
configure:17116: checking for MAGICKPP
configure:17123: $PKG_CONFIG --exists --print-errors "Magick++ >= 6.8.6"
configure:17126: $? = 0
configure:17140: $PKG_CONFIG --exists --print-errors "Magick++ >= 6.8.6"
configure:17143: $? = 0
configure:17201: result: yes
configure:17212: checking for stdbool.h that conforms to C99
configure:17279: gcc -c -g -O2  conftest.c >&5
configure:17279: $? = 0
configure:17286: result: yes
configure:17288: checking for _Bool
configure:17288: gcc -c -g -O2  conftest.c >&5
configure:17288: $? = 0
configure:17288: gcc -c -g -O2  conftest.c >&5
conftest.c: In function 'main':
conftest.c:60:20: error: expected expression before ')' token
 if (sizeof ((_Bool)))
                    ^
configure:17288: $? = 1
configure: failed program was:
| /* confdefs.h */
| #define PACKAGE_NAME "PythonMagick"
| #define PACKAGE_TARNAME "PythonMagick"
| #define PACKAGE_VERSION "0.9.12"
| #define PACKAGE_STRING "PythonMagick 0.9.12"
| #define PACKAGE_BUGREPORT ""
| #define PACKAGE_URL ""
| #define PACKAGE "PythonMagick"
| #define VERSION "0.9.12"
| #define STDC_HEADERS 1
| #define HAVE_SYS_TYPES_H 1
| #define HAVE_SYS_STAT_H 1
| #define HAVE_STDLIB_H 1
| #define HAVE_STRING_H 1
| #define HAVE_MEMORY_H 1
| #define HAVE_STRINGS_H 1
| #define HAVE_INTTYPES_H 1
| #define HAVE_STDINT_H 1
| #define HAVE_UNISTD_H 1
| #define HAVE_DLFCN_H 1
| #define LT_OBJDIR ".libs/"
| #define HAVE_PYTHON "2.7"
| /* end confdefs.h.  */
| #include <stdio.h>
| #ifdef HAVE_SYS_TYPES_H
| # include <sys/types.h>
| #endif
| #ifdef HAVE_SYS_STAT_H
| # include <sys/stat.h>
| #endif
| #ifdef STDC_HEADERS
| # include <stdlib.h>
| # include <stddef.h>
| #else
| # ifdef HAVE_STDLIB_H
| #  include <stdlib.h>
| # endif
| #endif
| #ifdef HAVE_STRING_H
| # if !defined STDC_HEADERS && defined HAVE_MEMORY_H
| #  include <memory.h>
| # endif
| # include <string.h>
| #endif
| #ifdef HAVE_STRINGS_H
| # include <strings.h>
| #endif
| #ifdef HAVE_INTTYPES_H
| # include <inttypes.h>
| #endif
| #ifdef HAVE_STDINT_H
| # include <stdint.h>
| #endif
| #ifdef HAVE_UNISTD_H
| # include <unistd.h>
| #endif
| int
| main ()
| {
| if (sizeof ((_Bool)))
| 	    return 0;
|   ;
|   return 0;
| }
configure:17288: result: yes
configure:17305: checking for an ANSI C-conforming const
configure:17371: gcc -c -g -O2  conftest.c >&5
configure:17371: $? = 0
configure:17378: result: yes
configure:17386: checking for size_t
configure:17386: gcc -c -g -O2  conftest.c >&5
configure:17386: $? = 0
configure:17386: gcc -c -g -O2  conftest.c >&5
conftest.c: In function 'main':
conftest.c:62:21: error: expected expression before ')' token
 if (sizeof ((size_t)))
                     ^
configure:17386: $? = 1
configure: failed program was:
| /* confdefs.h */
| #define PACKAGE_NAME "PythonMagick"
| #define PACKAGE_TARNAME "PythonMagick"
| #define PACKAGE_VERSION "0.9.12"
| #define PACKAGE_STRING "PythonMagick 0.9.12"
| #define PACKAGE_BUGREPORT ""
| #define PACKAGE_URL ""
| #define PACKAGE "PythonMagick"
| #define VERSION "0.9.12"
| #define STDC_HEADERS 1
| #define HAVE_SYS_TYPES_H 1
| #define HAVE_SYS_STAT_H 1
| #define HAVE_STDLIB_H 1
| #define HAVE_STRING_H 1
| #define HAVE_MEMORY_H 1
| #define HAVE_STRINGS_H 1
| #define HAVE_INTTYPES_H 1
| #define HAVE_STDINT_H 1
| #define HAVE_UNISTD_H 1
| #define HAVE_DLFCN_H 1
| #define LT_OBJDIR ".libs/"
| #define HAVE_PYTHON "2.7"
| #define HAVE__BOOL 1
| #define HAVE_STDBOOL_H 1
| /* end confdefs.h.  */
| #include <stdio.h>
| #ifdef HAVE_SYS_TYPES_H
| # include <sys/types.h>
| #endif
| #ifdef HAVE_SYS_STAT_H
| # include <sys/stat.h>
| #endif
| #ifdef STDC_HEADERS
| # include <stdlib.h>
| # include <stddef.h>
| #else
| # ifdef HAVE_STDLIB_H
| #  include <stdlib.h>
| # endif
| #endif
| #ifdef HAVE_STRING_H
| # if !defined STDC_HEADERS && defined HAVE_MEMORY_H
| #  include <memory.h>
| # endif
| # include <string.h>
| #endif
| #ifdef HAVE_STRINGS_H
| # include <strings.h>
| #endif
| #ifdef HAVE_INTTYPES_H
| # include <inttypes.h>
| #endif
| #ifdef HAVE_STDINT_H
| # include <stdint.h>
| #endif
| #ifdef HAVE_UNISTD_H
| # include <unistd.h>
| #endif
| int
| main ()
| {
| if (sizeof ((size_t)))
| 	    return 0;
|   ;
|   return 0;
| }
configure:17386: result: yes
configure:17511: checking that generated files are newer than configure
configure:17517: result: done
configure:17548: creating ./config.status

## ---------------------- ##
## Running config.status. ##
## ---------------------- ##

This file was extended by PythonMagick config.status 0.9.12, which was
generated by GNU Autoconf 2.69.  Invocation command line was

  CONFIG_FILES    = 
  CONFIG_HEADERS  = 
  CONFIG_LINKS    = 
  CONFIG_COMMANDS = 
  $ ./config.status 

on localhost

config.status:1178: creating Makefile
config.status:1178: creating helpers_src/Makefile
config.status:1178: creating pythonmagick_src/Makefile
config.status:1178: creating config/config.h
config.status:1407: executing depfiles commands
config.status:1407: executing libtool commands

## ---------------- ##
## Cache variables. ##
## ---------------- ##

ac_cv_boost_python=no
ac_cv_build=x86_64-unknown-linux-gnu
ac_cv_c_compiler_gnu=yes
ac_cv_c_const=yes
ac_cv_cxx_compiler_gnu=yes
ac_cv_env_CCC_set=
ac_cv_env_CCC_value=
ac_cv_env_CC_set=
ac_cv_env_CC_value=
ac_cv_env_CFLAGS_set=
ac_cv_env_CFLAGS_value=
ac_cv_env_CPPFLAGS_set=
ac_cv_env_CPPFLAGS_value=
ac_cv_env_CPP_set=
ac_cv_env_CPP_value=
ac_cv_env_CXXCPP_set=
ac_cv_env_CXXCPP_value=
ac_cv_env_CXXFLAGS_set=
ac_cv_env_CXXFLAGS_value=
ac_cv_env_CXX_set=
ac_cv_env_CXX_value=
ac_cv_env_LDFLAGS_set=
ac_cv_env_LDFLAGS_value=
ac_cv_env_LIBS_set=
ac_cv_env_LIBS_value=
ac_cv_env_LT_SYS_LIBRARY_PATH_set=
ac_cv_env_LT_SYS_LIBRARY_PATH_value=
ac_cv_env_MAGICKCORE_CFLAGS_set=
ac_cv_env_MAGICKCORE_CFLAGS_value=
ac_cv_env_MAGICKCORE_LIBS_set=
ac_cv_env_MAGICKCORE_LIBS_value=
ac_cv_env_MAGICKPP_CFLAGS_set=
ac_cv_env_MAGICKPP_CFLAGS_value=
ac_cv_env_MAGICKPP_LIBS_set=
ac_cv_env_MAGICKPP_LIBS_value=
ac_cv_env_PKG_CONFIG_LIBDIR_set=
ac_cv_env_PKG_CONFIG_LIBDIR_value=
ac_cv_env_PKG_CONFIG_PATH_set=
ac_cv_env_PKG_CONFIG_PATH_value=
ac_cv_env_PKG_CONFIG_set=
ac_cv_env_PKG_CONFIG_value=
ac_cv_env_PYTHON_VERSION_set=
ac_cv_env_PYTHON_VERSION_value=
ac_cv_env_PYTHON_set=
ac_cv_env_PYTHON_value=
ac_cv_env_build_alias_set=
ac_cv_env_build_alias_value=
ac_cv_env_host_alias_set=
ac_cv_env_host_alias_value=
ac_cv_env_target_alias_set=
ac_cv_env_target_alias_value=
ac_cv_header_dlfcn_h=yes
ac_cv_header_inttypes_h=yes
ac_cv_header_memory_h=yes
ac_cv_header_stdbool_h=yes
ac_cv_header_stdc=yes
ac_cv_header_stdint_h=yes
ac_cv_header_stdlib_h=yes
ac_cv_header_string_h=yes
ac_cv_header_strings_h=yes
ac_cv_header_sys_stat_h=yes
ac_cv_header_sys_types_h=yes
ac_cv_header_unistd_h=yes
ac_cv_host=x86_64-unknown-linux-gnu
ac_cv_objext=o
ac_cv_path_EGREP='/bin/grep -E'
ac_cv_path_FGREP='/bin/grep -F'
ac_cv_path_GREP=/bin/grep
ac_cv_path_PYTHON=/usr/bin/python
ac_cv_path_SED=/bin/sed
ac_cv_path_ac_pt_PKG_CONFIG=/usr/bin/pkg-config
ac_cv_path_install='/usr/bin/install -c'
ac_cv_path_lt_DD=/bin/dd
ac_cv_path_mkdir=/bin/mkdir
ac_cv_prog_AWK=mawk
ac_cv_prog_CPP='gcc -E'
ac_cv_prog_CXXCPP='g++ -E'
ac_cv_prog_ac_ct_AR=ar
ac_cv_prog_ac_ct_CC=gcc
ac_cv_prog_ac_ct_CXX=g++
ac_cv_prog_ac_ct_MANIFEST_TOOL=mt
ac_cv_prog_ac_ct_OBJDUMP=objdump
ac_cv_prog_ac_ct_RANLIB=ranlib
ac_cv_prog_ac_ct_STRIP=strip
ac_cv_prog_cc_c89=
ac_cv_prog_cc_g=yes
ac_cv_prog_cxx_g=yes
ac_cv_prog_make_make_set=yes
ac_cv_type__Bool=yes
ac_cv_type_size_t=yes
am_cv_CC_dependencies_compiler_type=gcc3
am_cv_CXX_dependencies_compiler_type=gcc3
am_cv_make_support_nested_variables=yes
am_cv_pathless_PYTHON=python
am_cv_prog_cc_c_o=yes
am_cv_python_platform=linux2
am_cv_python_pyexecdir='${exec_prefix}/lib/python2.7/dist-packages'
am_cv_python_pythondir='${prefix}/lib/python2.7/dist-packages'
am_cv_python_version=2.7
lt_cv_ar_at_file=@
lt_cv_archive_cmds_need_lc=no
lt_cv_deplibs_check_method=pass_all
lt_cv_file_magic_cmd='$MAGIC_CMD'
lt_cv_file_magic_test_file=
lt_cv_ld_reload_flag=-r
lt_cv_nm_interface='BSD nm'
lt_cv_objdir=.libs
lt_cv_path_LD=/usr/bin/ld
lt_cv_path_LDCXX='/usr/bin/ld -m elf_x86_64'
lt_cv_path_NM='/usr/bin/nm -B'
lt_cv_path_mainfest_tool=no
lt_cv_prog_compiler_c_o=yes
lt_cv_prog_compiler_c_o_CXX=yes
lt_cv_prog_compiler_pic='-fPIC -DPIC'
lt_cv_prog_compiler_pic_CXX='-fPIC -DPIC'
lt_cv_prog_compiler_pic_works=yes
lt_cv_prog_compiler_pic_works_CXX=yes
lt_cv_prog_compiler_rtti_exceptions=no
lt_cv_prog_compiler_static_works=yes
lt_cv_prog_compiler_static_works_CXX=yes
lt_cv_prog_gnu_ld=yes
lt_cv_prog_gnu_ldcxx=yes
lt_cv_sharedlib_from_linklib_cmd='printf %s\n'
lt_cv_shlibpath_overrides_runpath=no
lt_cv_sys_global_symbol_pipe='sed -n -e '\''s/^.*[	 ]\([ABCDGIRSTW][ABCDGIRSTW]*\)[	 ][	 ]*\([_A-Za-z][_A-Za-z0-9]*\)$/\1 \2 \2/p'\'' | sed '\''/ __gnu_lto/d'\'''
lt_cv_sys_global_symbol_to_c_name_address='sed -n -e '\''s/^: \(.*\) .*$/  {"\1", (void *) 0},/p'\'' -e '\''s/^[ABCDGIRSTW][ABCDGIRSTW]* .* \(.*\)$/  {"\1", (void *) \&\1},/p'\'''
lt_cv_sys_global_symbol_to_c_name_address_lib_prefix='sed -n -e '\''s/^: \(.*\) .*$/  {"\1", (void *) 0},/p'\'' -e '\''s/^[ABCDGIRSTW][ABCDGIRSTW]* .* \(lib.*\)$/  {"\1", (void *) \&\1},/p'\'' -e '\''s/^[ABCDGIRSTW][ABCDGIRSTW]* .* \(.*\)$/  {"lib\1", (void *) \&\1},/p'\'''
lt_cv_sys_global_symbol_to_cdecl='sed -n -e '\''s/^T .* \(.*\)$/extern int \1();/p'\'' -e '\''s/^[ABCDGIRSTW][ABCDGIRSTW]* .* \(.*\)$/extern char \1;/p'\'''
lt_cv_sys_global_symbol_to_import=
lt_cv_sys_max_cmd_len=1572864
lt_cv_to_host_file_cmd=func_convert_file_noop
lt_cv_to_tool_file_cmd=func_convert_file_noop
lt_cv_truncate_bin='/bin/dd bs=4096 count=1'
pkg_cv_MAGICKCORE_CFLAGS='-fopenmp -DMAGICKCORE_HDRI_ENABLE=0 -DMAGICKCORE_QUANTUM_DEPTH=16 -I/usr/local/include/ImageMagick-6  '
pkg_cv_MAGICKCORE_LIBS='-L/usr/local/lib -lMagickCore-6.Q16  '
pkg_cv_MAGICKPP_CFLAGS='-fopenmp -DMAGICKCORE_HDRI_ENABLE=0 -DMAGICKCORE_QUANTUM_DEPTH=16 -I/usr/local/include/ImageMagick-6  '
pkg_cv_MAGICKPP_LIBS='-L/usr/local/lib -lMagick++-6.Q16 -lMagickWand-6.Q16 -lMagickCore-6.Q16  '

## ----------------- ##
## Output variables. ##
## ----------------- ##

ACLOCAL='${SHELL} /home/rock/PythonMagick-0.9.12/config/missing aclocal-1.15'
AMDEPBACKSLASH='\'
AMDEP_FALSE='#'
AMDEP_TRUE=''
AMTAR='$${TAR-tar}'
AM_BACKSLASH='\'
AM_DEFAULT_V='$(AM_DEFAULT_VERBOSITY)'
AM_DEFAULT_VERBOSITY='0'
AM_V='$(V)'
AR='ar'
AUTOCONF='${SHELL} /home/rock/PythonMagick-0.9.12/config/missing autoconf'
AUTOHEADER='${SHELL} /home/rock/PythonMagick-0.9.12/config/missing autoheader'
AUTOMAKE='${SHELL} /home/rock/PythonMagick-0.9.12/config/missing automake-1.15'
AWK='mawk'
BOOST_CPPFLAGS='-I/include/boost-0'
BOOST_LDFLAGS='-L/lib64'
BOOST_PYTHON_LIB=''
CC='gcc'
CCDEPMODE='depmode=gcc3'
CFLAGS='-g -O2'
CPP='gcc -E'
CPPFLAGS=''
CXX='g++'
CXXCPP='g++ -E'
CXXDEPMODE='depmode=gcc3'
CXXFLAGS='-g -O2 -DBOOST_PYTHON_DYNAMIC_LIB -I/usr/include/python2.7'
CYGPATH_W='echo'
DEFS='-DHAVE_CONFIG_H'
DEPDIR='.deps'
DLLTOOL='false'
DSYMUTIL=''
DUMPBIN=''
ECHO_C=''
ECHO_N='-n'
ECHO_T=''
EGREP='/bin/grep -E'
EXEEXT=''
FGREP='/bin/grep -F'
GREP='/bin/grep'
INSTALL_DATA='${INSTALL} -m 644'
INSTALL_PROGRAM='${INSTALL}'
INSTALL_SCRIPT='${INSTALL}'
INSTALL_STRIP_PROGRAM='$(install_sh) -c -s'
LD='/usr/bin/ld -m elf_x86_64'
LDFLAGS=''
LIBOBJS=''
LIBS=''
LIBTOOL='$(SHELL) $(top_builddir)/libtool'
LIPO=''
LN_S='ln -s'
LTLIBOBJS=''
LT_SYS_LIBRARY_PATH=''
MAGICKCORE_CFLAGS='-fopenmp -DMAGICKCORE_HDRI_ENABLE=0 -DMAGICKCORE_QUANTUM_DEPTH=16 -I/usr/local/include/ImageMagick-6  '
MAGICKCORE_LIBS='-L/usr/local/lib -lMagickCore-6.Q16  '
MAGICKPP_CFLAGS='-fopenmp -DMAGICKCORE_HDRI_ENABLE=0 -DMAGICKCORE_QUANTUM_DEPTH=16 -I/usr/local/include/ImageMagick-6  '
MAGICKPP_LIBS='-L/usr/local/lib -lMagick++-6.Q16 -lMagickWand-6.Q16 -lMagickCore-6.Q16  '
MAINT='#'
MAINTAINER_MODE_FALSE=''
MAINTAINER_MODE_TRUE='#'
MAKEINFO='${SHELL} /home/rock/PythonMagick-0.9.12/config/missing makeinfo'
MANIFEST_TOOL=':'
MKDIR_P='/bin/mkdir -p'
NM='/usr/bin/nm -B'
NMEDIT=''
OBJDUMP='objdump'
OBJEXT='o'
OTOOL64=''
OTOOL=''
PACKAGE='PythonMagick'
PACKAGE_BUGREPORT=''
PACKAGE_NAME='PythonMagick'
PACKAGE_STRING='PythonMagick 0.9.12'
PACKAGE_TARNAME='PythonMagick'
PACKAGE_URL=''
PACKAGE_VERSION='0.9.12'
PATH_SEPARATOR=':'
PKG_CONFIG='/usr/bin/pkg-config'
PKG_CONFIG_LIBDIR=''
PKG_CONFIG_PATH=''
PYTHON='/usr/bin/python'
PYTHON_CPPFLAGS='-I/usr/include/python2.7'
PYTHON_EXEC_PREFIX='${exec_prefix}'
PYTHON_EXTRA_LDFLAGS='-Xlinker -export-dynamic -Wl,-O1 -Wl,-Bsymbolic-functions'
PYTHON_EXTRA_LIBS='-lpthread -ldl  -lutil'
PYTHON_LDFLAGS='-L/usr/lib -lpython2.7'
PYTHON_PLATFORM='linux2'
PYTHON_PREFIX='${prefix}'
PYTHON_SITE_PKG='/usr/lib/python2.7/dist-packages'
PYTHON_VERSION='2.7'
RANLIB='ranlib'
SED='/bin/sed'
SET_MAKE=''
SHELL='/bin/bash'
STRIP='strip'
VERSION='0.9.12'
ac_ct_AR='ar'
ac_ct_CC='gcc'
ac_ct_CXX='g++'
ac_ct_DUMPBIN=''
am__EXEEXT_FALSE=''
am__EXEEXT_TRUE='#'
am__fastdepCC_FALSE='#'
am__fastdepCC_TRUE=''
am__fastdepCXX_FALSE='#'
am__fastdepCXX_TRUE=''
am__include='include'
am__isrc=''
am__leading_dot='.'
am__nodep='_no'
am__quote=''
am__tar='$${TAR-tar} chof - "$$tardir"'
am__untar='$${TAR-tar} xf -'
bindir='${exec_prefix}/bin'
build='x86_64-unknown-linux-gnu'
build_alias=''
build_cpu='x86_64'
build_os='linux-gnu'
build_vendor='unknown'
datadir='${datarootdir}'
datarootdir='${prefix}/share'
docdir='${datarootdir}/doc/${PACKAGE_TARNAME}'
dvidir='${docdir}'
exec_prefix='${prefix}'
host='x86_64-unknown-linux-gnu'
host_alias=''
host_cpu='x86_64'
host_os='linux-gnu'
host_vendor='unknown'
htmldir='${docdir}'
includedir='${prefix}/include'
infodir='${datarootdir}/info'
install_sh='${SHELL} /home/rock/PythonMagick-0.9.12/config/install-sh'
libdir='${exec_prefix}/lib'
libexecdir='${exec_prefix}/libexec'
localedir='${datarootdir}/locale'
localstatedir='${prefix}/var'
mandir='${datarootdir}/man'
mkdir_p='$(MKDIR_P)'
oldincludedir='/usr/include'
pdfdir='${docdir}'
pkgpyexecdir='${pyexecdir}/PythonMagick'
pkgpythondir='${pythondir}/PythonMagick'
prefix='/usr/local'
program_transform_name='s,x,x,'
psdir='${docdir}'
pyexecdir='${exec_prefix}/lib/python2.7/dist-packages'
pythondir='${prefix}/lib/python2.7/dist-packages'
sbindir='${exec_prefix}/sbin'
sharedstatedir='${prefix}/com'
sysconfdir='${prefix}/etc'
target_alias=''

## ----------- ##
## confdefs.h. ##
## ----------- ##

/* confdefs.h */
#define PACKAGE_NAME "PythonMagick"
#define PACKAGE_TARNAME "PythonMagick"
#define PACKAGE_VERSION "0.9.12"
#define PACKAGE_STRING "PythonMagick 0.9.12"
#define PACKAGE_BUGREPORT ""
#define PACKAGE_URL ""
#define PACKAGE "PythonMagick"
#define VERSION "0.9.12"
#define STDC_HEADERS 1
#define HAVE_SYS_TYPES_H 1
#define HAVE_SYS_STAT_H 1
#define HAVE_STDLIB_H 1
#define HAVE_STRING_H 1
#define HAVE_MEMORY_H 1
#define HAVE_STRINGS_H 1
#define HAVE_INTTYPES_H 1
#define HAVE_STDINT_H 1
#define HAVE_UNISTD_H 1
#define HAVE_DLFCN_H 1
#define LT_OBJDIR ".libs/"
#define HAVE_PYTHON "2.7"
#define HAVE__BOOL 1
#define HAVE_STDBOOL_H 1

configure: exit 0
